<?xml version="1.0" encoding="UTF-8"?>
<!-- Generated by org.testng.reporters.JUnitReportReporter -->
<testsuite hostname="DESKTOP-U479NPE" name="com.rameshsoft.businessScript.Test1" tests="1" failures="0" timestamp="9 Oct 2017 10:18:56 GMT" time="18.510" errors="0">
  <testcase name="GmailLogin" time="18.510" classname="com.rameshsoft.businessScript.Test1"/>
</testsuite> <!-- com.rameshsoft.businessScript.Test1 -->
