<?xml version="1.0" encoding="UTF-8"?>
<!-- Generated by org.testng.reporters.JUnitReportReporter -->
<testsuite hostname="DESKTOP-U479NPE" name="com.rameshsoft.businessScript.Mohanone" tests="1" failures="0" timestamp="9 Oct 2017 10:09:50 GMT" time="7.166" errors="0">
  <testcase name="login" time="7.166" classname="com.rameshsoft.businessScript.Mohanone"/>
</testsuite> <!-- com.rameshsoft.businessScript.Mohanone -->
