<?xml version="1.0" encoding="UTF-8"?>
<!-- Generated by org.testng.reporters.JUnitReportReporter -->
<testsuite hostname="DESKTOP-U479NPE" name="com.rameshsoft.businessScript.OwnClass" tests="1" failures="0" timestamp="4 Oct 2017 17:48:45 GMT" time="12.844" errors="0">
  <testcase name="m1" time="12.844" classname="com.rameshsoft.businessScript.OwnClass"/>
</testsuite> <!-- com.rameshsoft.businessScript.OwnClass -->
