<?xml version="1.0" encoding="UTF-8"?>
<!-- Generated by org.testng.reporters.JUnitReportReporter -->
<testsuite hostname="DESKTOP-U479NPE" name="com.rameshsoft.businessScript.OwnClass" tests="1" failures="0" timestamp="23 Nov 2017 18:20:38 GMT" time="13.310" errors="0">
  <testcase name="m1" time="13.310" classname="com.rameshsoft.businessScript.OwnClass"/>
</testsuite> <!-- com.rameshsoft.businessScript.OwnClass -->
